[debug] [2021-10-29T14:26:38.754Z] ----------------------------------------------------------------------
[debug] [2021-10-29T14:26:38.756Z] Command:       C:\Program Files\nodejs\node.exe C:\Users\user\AppData\Roaming\npm\node_modules\firebase-tools\lib\bin\firebase.js deploy
[debug] [2021-10-29T14:26:38.757Z] CLI Version:   9.21.0
[debug] [2021-10-29T14:26:38.757Z] Platform:      win32
[debug] [2021-10-29T14:26:38.757Z] Node Version:  v14.17.4
[debug] [2021-10-29T14:26:38.758Z] Time:          Fri Oct 29 2021 20:26:38 GMT+0600 (Bangladesh Standard Time)
[debug] [2021-10-29T14:26:38.758Z] ----------------------------------------------------------------------
[debug] 
[debug] [2021-10-29T14:26:38.816Z] > command requires scopes: ["email","openid","https://www.googleapis.com/auth/cloudplatformprojects.readonly","https://www.googleapis.com/auth/firebase","https://www.googleapis.com/auth/cloud-platform"]
[debug] [2021-10-29T14:26:38.816Z] > authorizing via signed-in user (foysalnk9095@gmail.com)
[debug] [2021-10-29T14:26:38.816Z] [iam] checking project tourism-ass-11 for permissions ["firebase.projects.get","firebasehosting.sites.update"]
[debug] [2021-10-29T14:26:38.818Z] > refreshing access token with scopes: ["email","https://www.googleapis.com/auth/cloud-platform","https://www.googleapis.com/auth/cloudplatformprojects.readonly","https://www.googleapis.com/auth/firebase","openid"]
[debug] [2021-10-29T14:26:38.818Z] >>> HTTP REQUEST POST https://www.googleapis.com/oauth2/v3/token  
 <request body omitted>
[debug] [2021-10-29T14:26:39.120Z] <<< HTTP RESPONSE 200 {"date":"Fri, 29 Oct 2021 14:26:39 GMT","cache-control":"no-cache, no-store, max-age=0, must-revalidate","expires":"Mon, 01 Jan 1990 00:00:00 GMT","pragma":"no-cache","content-type":"application/json; charset=utf-8","vary":"X-Origin, Referer, Origin,Accept-Encoding","server":"scaffolding on HTTPServer2","x-xss-protection":"0","x-frame-options":"SAMEORIGIN","x-content-type-options":"nosniff","alt-svc":"h3=\":443\"; ma=2592000,h3-29=\":443\"; ma=2592000,h3-Q050=\":443\"; ma=2592000,h3-Q046=\":443\"; ma=2592000,h3-Q043=\":443\"; ma=2592000","accept-ranges":"none","transfer-encoding":"chunked"}
[debug] [2021-10-29T14:26:39.166Z] >>> HTTP REQUEST POST https://cloudresourcemanager.googleapis.com/v1/projects/tourism-ass-11:testIamPermissions  
 {"permissions":["firebase.projects.get","firebasehosting.sites.update"]}
[debug] [2021-10-29T14:26:40.608Z] <<< HTTP RESPONSE 200 {"content-type":"application/json; charset=UTF-8","vary":"X-Origin, Referer, Origin,Accept-Encoding","date":"Fri, 29 Oct 2021 14:26:41 GMT","server":"ESF","cache-control":"private","x-xss-protection":"0","x-frame-options":"SAMEORIGIN","x-content-type-options":"nosniff","server-timing":"gfet4t7; dur=1158","alt-svc":"h3=\":443\"; ma=2592000,h3-29=\":443\"; ma=2592000,h3-Q050=\":443\"; ma=2592000,h3-Q046=\":443\"; ma=2592000,h3-Q043=\":443\"; ma=2592000,quic=\":443\"; ma=2592000; v=\"46,43\"","accept-ranges":"none","transfer-encoding":"chunked"}
[debug] [2021-10-29T14:26:40.610Z] > refreshing access token with scopes: []
[debug] [2021-10-29T14:26:40.610Z] >>> HTTP REQUEST POST https://www.googleapis.com/oauth2/v3/token  
 <request body omitted>
[debug] [2021-10-29T14:26:40.985Z] <<< HTTP RESPONSE 200 {"pragma":"no-cache","cache-control":"no-cache, no-store, max-age=0, must-revalidate","expires":"Mon, 01 Jan 1990 00:00:00 GMT","date":"Fri, 29 Oct 2021 14:26:41 GMT","content-type":"application/json; charset=utf-8","vary":"X-Origin, Referer, Origin,Accept-Encoding","server":"scaffolding on HTTPServer2","x-xss-protection":"0","x-frame-options":"SAMEORIGIN","x-content-type-options":"nosniff","alt-svc":"h3=\":443\"; ma=2592000,h3-29=\":443\"; ma=2592000,h3-Q050=\":443\"; ma=2592000,h3-Q046=\":443\"; ma=2592000,h3-Q043=\":443\"; ma=2592000","accept-ranges":"none","transfer-encoding":"chunked"}
[debug] [2021-10-29T14:26:41.045Z] >>> [apiv2][query] GET https://firebase.googleapis.com/v1beta1/projects/tourism-ass-11 [none]
[debug] [2021-10-29T14:26:41.662Z] <<< [apiv2][status] GET https://firebase.googleapis.com/v1beta1/projects/tourism-ass-11 200
[debug] [2021-10-29T14:26:41.662Z] <<< [apiv2][body] GET https://firebase.googleapis.com/v1beta1/projects/tourism-ass-11 {"projectId":"tourism-ass-11","projectNumber":"852294695932","displayName":"tourism-ass-11","name":"projects/tourism-ass-11","resources":{"hostingSite":"tourism-ass-11"},"state":"ACTIVE"}
[info] 
[info] === Deploying to 'tourism-ass-11'...
[info] 
[info] i  deploying hosting 
[debug] [2021-10-29T14:26:41.666Z] > refreshing access token with scopes: ["email","https://www.googleapis.com/auth/cloud-platform","https://www.googleapis.com/auth/cloudplatformprojects.readonly","https://www.googleapis.com/auth/firebase","openid"]
[debug] [2021-10-29T14:26:41.666Z] >>> HTTP REQUEST POST https://www.googleapis.com/oauth2/v3/token  
 <request body omitted>
[debug] [2021-10-29T14:26:42.080Z] <<< HTTP RESPONSE 200 {"pragma":"no-cache","expires":"Mon, 01 Jan 1990 00:00:00 GMT","date":"Fri, 29 Oct 2021 14:26:42 GMT","cache-control":"no-cache, no-store, max-age=0, must-revalidate","content-type":"application/json; charset=utf-8","vary":"X-Origin, Referer, Origin,Accept-Encoding","server":"scaffolding on HTTPServer2","x-xss-protection":"0","x-frame-options":"SAMEORIGIN","x-content-type-options":"nosniff","alt-svc":"h3=\":443\"; ma=2592000,h3-29=\":443\"; ma=2592000,h3-Q050=\":443\"; ma=2592000,h3-Q046=\":443\"; ma=2592000,h3-Q043=\":443\"; ma=2592000","accept-ranges":"none","transfer-encoding":"chunked"}
[debug] [2021-10-29T14:26:42.212Z] >>> HTTP REQUEST POST https://firebasehosting.googleapis.com/v1beta1/sites/tourism-ass-11/versions  
 {"config":{},"labels":{"deployment-tool":"cli-firebase"}}
[debug] [2021-10-29T14:26:44.424Z] <<< HTTP RESPONSE 200 {"content-type":"application/json; charset=UTF-8","vary":"X-Origin, Referer, Origin,Accept-Encoding","date":"Fri, 29 Oct 2021 14:26:44 GMT","server":"ESF","cache-control":"private","x-xss-protection":"0","x-frame-options":"SAMEORIGIN","x-content-type-options":"nosniff","alt-svc":"h3=\":443\"; ma=2592000,h3-29=\":443\"; ma=2592000,h3-Q050=\":443\"; ma=2592000,h3-Q046=\":443\"; ma=2592000,h3-Q043=\":443\"; ma=2592000,quic=\":443\"; ma=2592000; v=\"46,43\"","accept-ranges":"none","transfer-encoding":"chunked"}
[info] i  hosting[tourism-ass-11]: beginning deploy... 
[info] i  hosting[tourism-ass-11]: found 22 files in build 
[debug] [2021-10-29T14:26:44.439Z] [hosting] hash cache [YnVpbGQ] not populated
[debug] [2021-10-29T14:26:44.653Z] > refreshing access token with scopes: []
[debug] [2021-10-29T14:26:44.653Z] >>> HTTP REQUEST POST https://www.googleapis.com/oauth2/v3/token  
 <request body omitted>
[debug] [2021-10-29T14:26:44.655Z] [hosting] hash cache [YnVpbGQ] stored for 22 files
[debug] [2021-10-29T14:26:44.655Z] [hosting][hash queue][FINAL] {"max":208,"min":9,"avg":22.181818181818183,"active":0,"complete":22,"success":22,"errored":0,"retried":0,"total":22,"elapsed":216}
[debug] [2021-10-29T14:26:45.264Z] <<< HTTP RESPONSE 200 {"date":"Fri, 29 Oct 2021 14:26:45 GMT","pragma":"no-cache","cache-control":"no-cache, no-store, max-age=0, must-revalidate","expires":"Mon, 01 Jan 1990 00:00:00 GMT","content-type":"application/json; charset=utf-8","vary":"X-Origin, Referer, Origin,Accept-Encoding","server":"scaffolding on HTTPServer2","x-xss-protection":"0","x-frame-options":"SAMEORIGIN","x-content-type-options":"nosniff","alt-svc":"h3=\":443\"; ma=2592000,h3-29=\":443\"; ma=2592000,h3-Q050=\":443\"; ma=2592000,h3-Q046=\":443\"; ma=2592000,h3-Q043=\":443\"; ma=2592000","accept-ranges":"none","transfer-encoding":"chunked"}
[debug] [2021-10-29T14:26:45.310Z] >>> [apiv2][query] POST https://firebasehosting.googleapis.com/v1beta1/sites/tourism-ass-11/versions/04f51272e3392b35:populateFiles [none]
[debug] [2021-10-29T14:26:45.310Z] >>> [apiv2][body] POST https://firebasehosting.googleapis.com/v1beta1/sites/tourism-ass-11/versions/04f51272e3392b35:populateFiles {"files":{"/asset-manifest.json":"a6e5f97e5d3e11eb15e3cc31c65734d130240e22bdfde7c59ace5944c3fd61b2","/index.html":"7626aa2fe0e00e831532c7c1ede0394bba77a6e850eada3eb01df70ab7517b94","/favicon.ico":"eae62e993eb980ec8a25058c39d5a51feab118bd2100c4deebb2a9c158ec11f9","/logo192.png":"3ee59515172ee198f3be375979df15ac5345183e656720a381b8872b2a39dc8b","/manifest.json":"aff3449bdc238776f5d6d967f19ec491b36aed5fb7f23ccff6500736fd58494a","/robots.txt":"bfe106a3fb878dc83461c86818bf74fc1bdc7f28538ba613cd3e775516ce8b49","/logo512.png":"ee7e2f3fdb8209c4b6fd7bef6ba50d1b9dba30a25bb5c3126df057e1cb6f5331","/rooms.json":"78995ab038eb50755d55a84ec3dfe46dbd2f89fe660c07deed35c7a63df1d4f6","/_redirects":"ad9570b21b26001e5954948ea7672fb32b990504c96c3dd8bcf82c48832b1927","/static/css/main.f2e29cf8.chunk.css":"16719bf46588a7859c2aff447f5b9a51a7f69b26d35cf4967c3098db5526b84c","/static/css/main.f2e29cf8.chunk.css.map":"1f1ac2d6176a5d112e3794c763a0c08171896093e96e2b528c72857d3e060038","/static/js/2.04fc0ed9.chunk.js.LICENSE.txt":"68b16697969801057d3e0deb105ae8509867a6ae2629d732d8100d885b17e4c5","/static/js/3.3e9197df.chunk.js":"abc4331182fe4be54036dcd7be99ac84bb5ab99a17d56ac651cf5743f99eeb0f","/static/js/3.3e9197df.chunk.js.map":"ea6f48fd2052447e368931345a0589215f4d23acf7e2d91c055d2b0598e5b36a","/static/js/main.59b58b8a.chunk.js":"68cd6ee612cf72c55558f21281497eb2763d455010f18821072913f74ce25725","/static/js/runtime-main.c542b440.js":"96e8953b97ba67dd575161b7068ae54fb4702b57f2009f9c91cdcc558e2ffea5","/static/js/runtime-main.c542b440.js.map":"65b16a8decf326958df9bdf96cbfe022273b0e72ec54acd372d39176fd918495","/static/js/main.59b58b8a.chunk.js.map":"4c629fa52f4ce42ffc738591f74712a79b4f76b705c200e980e1b065e8db00a3","/static/css/2.0a9ec390.chunk.css":"e00cd4cd68f8f88e9a664ea068d294785d52d226ae90c6cfe2476e109af734b2","/static/js/2.04fc0ed9.chunk.js":"3d1e9024bdae5037281f1b792e984db1f9859c054b9c8fbc4eb8cca125c0d44d","/static/css/2.0a9ec390.chunk.css.map":"6e3cdf3362e6e01e050aa97c696f365c227135a678ac1bbc7eae52585353ec10","/static/js/2.04fc0ed9.chunk.js.map":"6001128bd947c75d76ff36c13734d6c7f703fa1ef38912eae68deba43a94363b"}}
[debug] [2021-10-29T14:26:47.267Z] <<< [apiv2][status] POST https://firebasehosting.googleapis.com/v1beta1/sites/tourism-ass-11/versions/04f51272e3392b35:populateFiles 200
[debug] [2021-10-29T14:26:47.267Z] <<< [apiv2][body] POST https://firebasehosting.googleapis.com/v1beta1/sites/tourism-ass-11/versions/04f51272e3392b35:populateFiles {"uploadRequiredHashes":["aff3449bdc238776f5d6d967f19ec491b36aed5fb7f23ccff6500736fd58494a","bfe106a3fb878dc83461c86818bf74fc1bdc7f28538ba613cd3e775516ce8b49","16719bf46588a7859c2aff447f5b9a51a7f69b26d35cf4967c3098db5526b84c","e00cd4cd68f8f88e9a664ea068d294785d52d226ae90c6cfe2476e109af734b2","6e3cdf3362e6e01e050aa97c696f365c227135a678ac1bbc7eae52585353ec10","68cd6ee612cf72c55558f21281497eb2763d455010f18821072913f74ce25725","65b16a8decf326958df9bdf96cbfe022273b0e72ec54acd372d39176fd918495","ad9570b21b26001e5954948ea7672fb32b990504c96c3dd8bcf82c48832b1927","3d1e9024bdae5037281f1b792e984db1f9859c054b9c8fbc4eb8cca125c0d44d","6001128bd947c75d76ff36c13734d6c7f703fa1ef38912eae68deba43a94363b","ea6f48fd2052447e368931345a0589215f4d23acf7e2d91c055d2b0598e5b36a","eae62e993eb980ec8a25058c39d5a51feab118bd2100c4deebb2a9c158ec11f9","a6e5f97e5d3e11eb15e3cc31c65734d130240e22bdfde7c59ace5944c3fd61b2","abc4331182fe4be54036dcd7be99ac84bb5ab99a17d56ac651cf5743f99eeb0f","ee7e2f3fdb8209c4b6fd7bef6ba50d1b9dba30a25bb5c3126df057e1cb6f5331","3ee59515172ee198f3be375979df15ac5345183e656720a381b8872b2a39dc8b","1f1ac2d6176a5d112e3794c763a0c08171896093e96e2b528c72857d3e060038","68b16697969801057d3e0deb105ae8509867a6ae2629d732d8100d885b17e4c5","7626aa2fe0e00e831532c7c1ede0394bba77a6e850eada3eb01df70ab7517b94","96e8953b97ba67dd575161b7068ae54fb4702b57f2009f9c91cdcc558e2ffea5","4c629fa52f4ce42ffc738591f74712a79b4f76b705c200e980e1b065e8db00a3","78995ab038eb50755d55a84ec3dfe46dbd2f89fe660c07deed35c7a63df1d4f6"],"uploadUrl":"https://upload-firebasehosting.googleapis.com/upload/sites/tourism-ass-11/versions/04f51272e3392b35/files"}
[debug] [2021-10-29T14:26:47.273Z] >>> [apiv2][query] POST https://upload-firebasehosting.googleapis.com/upload/sites/tourism-ass-11/versions/04f51272e3392b35/files/aff3449bdc238776f5d6d967f19ec491b36aed5fb7f23ccff6500736fd58494a [none]
[debug] [2021-10-29T14:26:47.274Z] >>> [apiv2][body] POST https://upload-firebasehosting.googleapis.com/upload/sites/tourism-ass-11/versions/04f51272e3392b35/files/aff3449bdc238776f5d6d967f19ec491b36aed5fb7f23ccff6500736fd58494a [stream]
[debug] [2021-10-29T14:26:47.275Z] >>> [apiv2][query] POST https://upload-firebasehosting.googleapis.com/upload/sites/tourism-ass-11/versions/04f51272e3392b35/files/bfe106a3fb878dc83461c86818bf74fc1bdc7f28538ba613cd3e775516ce8b49 [none]
[debug] [2021-10-29T14:26:47.276Z] >>> [apiv2][body] POST https://upload-firebasehosting.googleapis.com/upload/sites/tourism-ass-11/versions/04f51272e3392b35/files/bfe106a3fb878dc83461c86818bf74fc1bdc7f28538ba613cd3e775516ce8b49 [stream]
[debug] [2021-10-29T14:26:47.277Z] >>> [apiv2][query] POST https://upload-firebasehosting.googleapis.com/upload/sites/tourism-ass-11/versions/04f51272e3392b35/files/16719bf46588a7859c2aff447f5b9a51a7f69b26d35cf4967c3098db5526b84c [none]
[debug] [2021-10-29T14:26:47.277Z] >>> [apiv2][body] POST https://upload-firebasehosting.googleapis.com/upload/sites/tourism-ass-11/versions/04f51272e3392b35/files/16719bf46588a7859c2aff447f5b9a51a7f69b26d35cf4967c3098db5526b84c [stream]
[debug] [2021-10-29T14:26:47.279Z] >>> [apiv2][query] POST https://upload-firebasehosting.googleapis.com/upload/sites/tourism-ass-11/versions/04f51272e3392b35/files/e00cd4cd68f8f88e9a664ea068d294785d52d226ae90c6cfe2476e109af734b2 [none]
[debug] [2021-10-29T14:26:47.279Z] >>> [apiv2][body] POST https://upload-firebasehosting.googleapis.com/upload/sites/tourism-ass-11/versions/04f51272e3392b35/files/e00cd4cd68f8f88e9a664ea068d294785d52d226ae90c6cfe2476e109af734b2 [stream]
[debug] [2021-10-29T14:26:47.280Z] >>> [apiv2][query] POST https://upload-firebasehosting.googleapis.com/upload/sites/tourism-ass-11/versions/04f51272e3392b35/files/6e3cdf3362e6e01e050aa97c696f365c227135a678ac1bbc7eae52585353ec10 [none]
[debug] [2021-10-29T14:26:47.280Z] >>> [apiv2][body] POST https://upload-firebasehosting.googleapis.com/upload/sites/tourism-ass-11/versions/04f51272e3392b35/files/6e3cdf3362e6e01e050aa97c696f365c227135a678ac1bbc7eae52585353ec10 [stream]
[debug] [2021-10-29T14:26:47.282Z] >>> [apiv2][query] POST https://upload-firebasehosting.googleapis.com/upload/sites/tourism-ass-11/versions/04f51272e3392b35/files/68cd6ee612cf72c55558f21281497eb2763d455010f18821072913f74ce25725 [none]
[debug] [2021-10-29T14:26:47.282Z] >>> [apiv2][body] POST https://upload-firebasehosting.googleapis.com/upload/sites/tourism-ass-11/versions/04f51272e3392b35/files/68cd6ee612cf72c55558f21281497eb2763d455010f18821072913f74ce25725 [stream]
[debug] [2021-10-29T14:26:47.284Z] >>> [apiv2][query] POST https://upload-firebasehosting.googleapis.com/upload/sites/tourism-ass-11/versions/04f51272e3392b35/files/65b16a8decf326958df9bdf96cbfe022273b0e72ec54acd372d39176fd918495 [none]
[debug] [2021-10-29T14:26:47.284Z] >>> [apiv2][body] POST https://upload-firebasehosting.googleapis.com/upload/sites/tourism-ass-11/versions/04f51272e3392b35/files/65b16a8decf326958df9bdf96cbfe022273b0e72ec54acd372d39176fd918495 [stream]
[debug] [2021-10-29T14:26:47.286Z] >>> [apiv2][query] POST https://upload-firebasehosting.googleapis.com/upload/sites/tourism-ass-11/versions/04f51272e3392b35/files/ad9570b21b26001e5954948ea7672fb32b990504c96c3dd8bcf82c48832b1927 [none]
[debug] [2021-10-29T14:26:47.286Z] >>> [apiv2][body] POST https://upload-firebasehosting.googleapis.com/upload/sites/tourism-ass-11/versions/04f51272e3392b35/files/ad9570b21b26001e5954948ea7672fb32b990504c96c3dd8bcf82c48832b1927 [stream]
[debug] [2021-10-29T14:26:47.287Z] >>> [apiv2][query] POST https://upload-firebasehosting.googleapis.com/upload/sites/tourism-ass-11/versions/04f51272e3392b35/files/3d1e9024bdae5037281f1b792e984db1f9859c054b9c8fbc4eb8cca125c0d44d [none]
[debug] [2021-10-29T14:26:47.287Z] >>> [apiv2][body] POST https://upload-firebasehosting.googleapis.com/upload/sites/tourism-ass-11/versions/04f51272e3392b35/files/3d1e9024bdae5037281f1b792e984db1f9859c054b9c8fbc4eb8cca125c0d44d [stream]
[debug] [2021-10-29T14:26:47.288Z] >>> [apiv2][query] POST https://upload-firebasehosting.googleapis.com/upload/sites/tourism-ass-11/versions/04f51272e3392b35/files/6001128bd947c75d76ff36c13734d6c7f703fa1ef38912eae68deba43a94363b [none]
[debug] [2021-10-29T14:26:47.288Z] >>> [apiv2][body] POST https://upload-firebasehosting.googleapis.com/upload/sites/tourism-ass-11/versions/04f51272e3392b35/files/6001128bd947c75d76ff36c13734d6c7f703fa1ef38912eae68deba43a94363b [stream]
[debug] [2021-10-29T14:26:47.289Z] >>> [apiv2][query] POST https://upload-firebasehosting.googleapis.com/upload/sites/tourism-ass-11/versions/04f51272e3392b35/files/ea6f48fd2052447e368931345a0589215f4d23acf7e2d91c055d2b0598e5b36a [none]
[debug] [2021-10-29T14:26:47.289Z] >>> [apiv2][body] POST https://upload-firebasehosting.googleapis.com/upload/sites/tourism-ass-11/versions/04f51272e3392b35/files/ea6f48fd2052447e368931345a0589215f4d23acf7e2d91c055d2b0598e5b36a [stream]
[debug] [2021-10-29T14:26:47.290Z] >>> [apiv2][query] POST https://upload-firebasehosting.googleapis.com/upload/sites/tourism-ass-11/versions/04f51272e3392b35/files/eae62e993eb980ec8a25058c39d5a51feab118bd2100c4deebb2a9c158ec11f9 [none]
[debug] [2021-10-29T14:26:47.290Z] >>> [apiv2][body] POST https://upload-firebasehosting.googleapis.com/upload/sites/tourism-ass-11/versions/04f51272e3392b35/files/eae62e993eb980ec8a25058c39d5a51feab118bd2100c4deebb2a9c158ec11f9 [stream]
[debug] [2021-10-29T14:26:47.292Z] >>> [apiv2][query] POST https://upload-firebasehosting.googleapis.com/upload/sites/tourism-ass-11/versions/04f51272e3392b35/files/a6e5f97e5d3e11eb15e3cc31c65734d130240e22bdfde7c59ace5944c3fd61b2 [none]
[debug] [2021-10-29T14:26:47.292Z] >>> [apiv2][body] POST https://upload-firebasehosting.googleapis.com/upload/sites/tourism-ass-11/versions/04f51272e3392b35/files/a6e5f97e5d3e11eb15e3cc31c65734d130240e22bdfde7c59ace5944c3fd61b2 [stream]
[debug] [2021-10-29T14:26:47.293Z] >>> [apiv2][query] POST https://upload-firebasehosting.googleapis.com/upload/sites/tourism-ass-11/versions/04f51272e3392b35/files/abc4331182fe4be54036dcd7be99ac84bb5ab99a17d56ac651cf5743f99eeb0f [none]
[debug] [2021-10-29T14:26:47.293Z] >>> [apiv2][body] POST https://upload-firebasehosting.googleapis.com/upload/sites/tourism-ass-11/versions/04f51272e3392b35/files/abc4331182fe4be54036dcd7be99ac84bb5ab99a17d56ac651cf5743f99eeb0f [stream]
[debug] [2021-10-29T14:26:47.294Z] >>> [apiv2][query] POST https://upload-firebasehosting.googleapis.com/upload/sites/tourism-ass-11/versions/04f51272e3392b35/files/ee7e2f3fdb8209c4b6fd7bef6ba50d1b9dba30a25bb5c3126df057e1cb6f5331 [none]
[debug] [2021-10-29T14:26:47.294Z] >>> [apiv2][body] POST https://upload-firebasehosting.googleapis.com/upload/sites/tourism-ass-11/versions/04f51272e3392b35/files/ee7e2f3fdb8209c4b6fd7bef6ba50d1b9dba30a25bb5c3126df057e1cb6f5331 [stream]
[debug] [2021-10-29T14:26:47.295Z] >>> [apiv2][query] POST https://upload-firebasehosting.googleapis.com/upload/sites/tourism-ass-11/versions/04f51272e3392b35/files/3ee59515172ee198f3be375979df15ac5345183e656720a381b8872b2a39dc8b [none]
[debug] [2021-10-29T14:26:47.295Z] >>> [apiv2][body] POST https://upload-firebasehosting.googleapis.com/upload/sites/tourism-ass-11/versions/04f51272e3392b35/files/3ee59515172ee198f3be375979df15ac5345183e656720a381b8872b2a39dc8b [stream]
[debug] [2021-10-29T14:26:47.296Z] >>> [apiv2][query] POST https://upload-firebasehosting.googleapis.com/upload/sites/tourism-ass-11/versions/04f51272e3392b35/files/1f1ac2d6176a5d112e3794c763a0c08171896093e96e2b528c72857d3e060038 [none]
[debug] [2021-10-29T14:26:47.296Z] >>> [apiv2][body] POST https://upload-firebasehosting.googleapis.com/upload/sites/tourism-ass-11/versions/04f51272e3392b35/files/1f1ac2d6176a5d112e3794c763a0c08171896093e96e2b528c72857d3e060038 [stream]
[debug] [2021-10-29T14:26:47.297Z] >>> [apiv2][query] POST https://upload-firebasehosting.googleapis.com/upload/sites/tourism-ass-11/versions/04f51272e3392b35/files/68b16697969801057d3e0deb105ae8509867a6ae2629d732d8100d885b17e4c5 [none]
[debug] [2021-10-29T14:26:47.298Z] >>> [apiv2][body] POST https://upload-firebasehosting.googleapis.com/upload/sites/tourism-ass-11/versions/04f51272e3392b35/files/68b16697969801057d3e0deb105ae8509867a6ae2629d732d8100d885b17e4c5 [stream]
[debug] [2021-10-29T14:26:47.299Z] >>> [apiv2][query] POST https://upload-firebasehosting.googleapis.com/upload/sites/tourism-ass-11/versions/04f51272e3392b35/files/7626aa2fe0e00e831532c7c1ede0394bba77a6e850eada3eb01df70ab7517b94 [none]
[debug] [2021-10-29T14:26:47.299Z] >>> [apiv2][body] POST https://upload-firebasehosting.googleapis.com/upload/sites/tourism-ass-11/versions/04f51272e3392b35/files/7626aa2fe0e00e831532c7c1ede0394bba77a6e850eada3eb01df70ab7517b94 [stream]
[debug] [2021-10-29T14:26:47.300Z] >>> [apiv2][query] POST https://upload-firebasehosting.googleapis.com/upload/sites/tourism-ass-11/versions/04f51272e3392b35/files/96e8953b97ba67dd575161b7068ae54fb4702b57f2009f9c91cdcc558e2ffea5 [none]
[debug] [2021-10-29T14:26:47.300Z] >>> [apiv2][body] POST https://upload-firebasehosting.googleapis.com/upload/sites/tourism-ass-11/versions/04f51272e3392b35/files/96e8953b97ba67dd575161b7068ae54fb4702b57f2009f9c91cdcc558e2ffea5 [stream]
[debug] [2021-10-29T14:26:47.301Z] >>> [apiv2][query] POST https://upload-firebasehosting.googleapis.com/upload/sites/tourism-ass-11/versions/04f51272e3392b35/files/4c629fa52f4ce42ffc738591f74712a79b4f76b705c200e980e1b065e8db00a3 [none]
[debug] [2021-10-29T14:26:47.302Z] >>> [apiv2][body] POST https://upload-firebasehosting.googleapis.com/upload/sites/tourism-ass-11/versions/04f51272e3392b35/files/4c629fa52f4ce42ffc738591f74712a79b4f76b705c200e980e1b065e8db00a3 [stream]
[debug] [2021-10-29T14:26:47.303Z] >>> [apiv2][query] POST https://upload-firebasehosting.googleapis.com/upload/sites/tourism-ass-11/versions/04f51272e3392b35/files/78995ab038eb50755d55a84ec3dfe46dbd2f89fe660c07deed35c7a63df1d4f6 [none]
[debug] [2021-10-29T14:26:47.303Z] >>> [apiv2][body] POST https://upload-firebasehosting.googleapis.com/upload/sites/tourism-ass-11/versions/04f51272e3392b35/files/78995ab038eb50755d55a84ec3dfe46dbd2f89fe660c07deed35c7a63df1d4f6 [stream]
[debug] [2021-10-29T14:26:47.304Z] [hosting][populate queue][FINAL] {"max":2620,"min":2620,"avg":2620,"active":0,"complete":1,"success":1,"errored":0,"retried":0,"total":1,"elapsed":2652}
[debug] [2021-10-29T14:26:47.305Z] [hosting] uploads queued: 22
[debug] [2021-10-29T14:26:48.972Z] <<< [apiv2][status] POST https://upload-firebasehosting.googleapis.com/upload/sites/tourism-ass-11/versions/04f51272e3392b35/files/ee7e2f3fdb8209c4b6fd7bef6ba50d1b9dba30a25bb5c3126df057e1cb6f5331 200
[debug] [2021-10-29T14:26:48.972Z] <<< [apiv2][body] POST https://upload-firebasehosting.googleapis.com/upload/sites/tourism-ass-11/versions/04f51272e3392b35/files/ee7e2f3fdb8209c4b6fd7bef6ba50d1b9dba30a25bb5c3126df057e1cb6f5331 [stream]
[debug] [2021-10-29T14:26:49.032Z] <<< [apiv2][status] POST https://upload-firebasehosting.googleapis.com/upload/sites/tourism-ass-11/versions/04f51272e3392b35/files/3ee59515172ee198f3be375979df15ac5345183e656720a381b8872b2a39dc8b 200
[debug] [2021-10-29T14:26:49.032Z] <<< [apiv2][body] POST https://upload-firebasehosting.googleapis.com/upload/sites/tourism-ass-11/versions/04f51272e3392b35/files/3ee59515172ee198f3be375979df15ac5345183e656720a381b8872b2a39dc8b [stream]
[debug] [2021-10-29T14:26:49.045Z] <<< [apiv2][status] POST https://upload-firebasehosting.googleapis.com/upload/sites/tourism-ass-11/versions/04f51272e3392b35/files/aff3449bdc238776f5d6d967f19ec491b36aed5fb7f23ccff6500736fd58494a 200
[debug] [2021-10-29T14:26:49.045Z] <<< [apiv2][body] POST https://upload-firebasehosting.googleapis.com/upload/sites/tourism-ass-11/versions/04f51272e3392b35/files/aff3449bdc238776f5d6d967f19ec491b36aed5fb7f23ccff6500736fd58494a [stream]
[debug] [2021-10-29T14:26:49.051Z] <<< [apiv2][status] POST https://upload-firebasehosting.googleapis.com/upload/sites/tourism-ass-11/versions/04f51272e3392b35/files/78995ab038eb50755d55a84ec3dfe46dbd2f89fe660c07deed35c7a63df1d4f6 200
[debug] [2021-10-29T14:26:49.052Z] <<< [apiv2][body] POST https://upload-firebasehosting.googleapis.com/upload/sites/tourism-ass-11/versions/04f51272e3392b35/files/78995ab038eb50755d55a84ec3dfe46dbd2f89fe660c07deed35c7a63df1d4f6 [stream]
[debug] [2021-10-29T14:26:49.079Z] <<< [apiv2][status] POST https://upload-firebasehosting.googleapis.com/upload/sites/tourism-ass-11/versions/04f51272e3392b35/files/4c629fa52f4ce42ffc738591f74712a79b4f76b705c200e980e1b065e8db00a3 200
[debug] [2021-10-29T14:26:49.079Z] <<< [apiv2][body] POST https://upload-firebasehosting.googleapis.com/upload/sites/tourism-ass-11/versions/04f51272e3392b35/files/4c629fa52f4ce42ffc738591f74712a79b4f76b705c200e980e1b065e8db00a3 [stream]
[debug] [2021-10-29T14:26:49.096Z] <<< [apiv2][status] POST https://upload-firebasehosting.googleapis.com/upload/sites/tourism-ass-11/versions/04f51272e3392b35/files/ea6f48fd2052447e368931345a0589215f4d23acf7e2d91c055d2b0598e5b36a 200
[debug] [2021-10-29T14:26:49.097Z] <<< [apiv2][body] POST https://upload-firebasehosting.googleapis.com/upload/sites/tourism-ass-11/versions/04f51272e3392b35/files/ea6f48fd2052447e368931345a0589215f4d23acf7e2d91c055d2b0598e5b36a [stream]
[debug] [2021-10-29T14:26:49.098Z] <<< [apiv2][status] POST https://upload-firebasehosting.googleapis.com/upload/sites/tourism-ass-11/versions/04f51272e3392b35/files/1f1ac2d6176a5d112e3794c763a0c08171896093e96e2b528c72857d3e060038 200
[debug] [2021-10-29T14:26:49.098Z] <<< [apiv2][body] POST https://upload-firebasehosting.googleapis.com/upload/sites/tourism-ass-11/versions/04f51272e3392b35/files/1f1ac2d6176a5d112e3794c763a0c08171896093e96e2b528c72857d3e060038 [stream]
[debug] [2021-10-29T14:26:49.107Z] <<< [apiv2][status] POST https://upload-firebasehosting.googleapis.com/upload/sites/tourism-ass-11/versions/04f51272e3392b35/files/bfe106a3fb878dc83461c86818bf74fc1bdc7f28538ba613cd3e775516ce8b49 200
[debug] [2021-10-29T14:26:49.107Z] <<< [apiv2][body] POST https://upload-firebasehosting.googleapis.com/upload/sites/tourism-ass-11/versions/04f51272e3392b35/files/bfe106a3fb878dc83461c86818bf74fc1bdc7f28538ba613cd3e775516ce8b49 [stream]
[debug] [2021-10-29T14:26:49.153Z] <<< [apiv2][status] POST https://upload-firebasehosting.googleapis.com/upload/sites/tourism-ass-11/versions/04f51272e3392b35/files/96e8953b97ba67dd575161b7068ae54fb4702b57f2009f9c91cdcc558e2ffea5 200
[debug] [2021-10-29T14:26:49.153Z] <<< [apiv2][body] POST https://upload-firebasehosting.googleapis.com/upload/sites/tourism-ass-11/versions/04f51272e3392b35/files/96e8953b97ba67dd575161b7068ae54fb4702b57f2009f9c91cdcc558e2ffea5 [stream]
[debug] [2021-10-29T14:26:49.159Z] <<< [apiv2][status] POST https://upload-firebasehosting.googleapis.com/upload/sites/tourism-ass-11/versions/04f51272e3392b35/files/a6e5f97e5d3e11eb15e3cc31c65734d130240e22bdfde7c59ace5944c3fd61b2 200
[debug] [2021-10-29T14:26:49.159Z] <<< [apiv2][body] POST https://upload-firebasehosting.googleapis.com/upload/sites/tourism-ass-11/versions/04f51272e3392b35/files/a6e5f97e5d3e11eb15e3cc31c65734d130240e22bdfde7c59ace5944c3fd61b2 [stream]
[debug] [2021-10-29T14:26:49.170Z] <<< [apiv2][status] POST https://upload-firebasehosting.googleapis.com/upload/sites/tourism-ass-11/versions/04f51272e3392b35/files/65b16a8decf326958df9bdf96cbfe022273b0e72ec54acd372d39176fd918495 200
[debug] [2021-10-29T14:26:49.170Z] <<< [apiv2][body] POST https://upload-firebasehosting.googleapis.com/upload/sites/tourism-ass-11/versions/04f51272e3392b35/files/65b16a8decf326958df9bdf96cbfe022273b0e72ec54acd372d39176fd918495 [stream]
[debug] [2021-10-29T14:26:49.255Z] <<< [apiv2][status] POST https://upload-firebasehosting.googleapis.com/upload/sites/tourism-ass-11/versions/04f51272e3392b35/files/abc4331182fe4be54036dcd7be99ac84bb5ab99a17d56ac651cf5743f99eeb0f 200
[debug] [2021-10-29T14:26:49.255Z] <<< [apiv2][body] POST https://upload-firebasehosting.googleapis.com/upload/sites/tourism-ass-11/versions/04f51272e3392b35/files/abc4331182fe4be54036dcd7be99ac84bb5ab99a17d56ac651cf5743f99eeb0f [stream]
[debug] [2021-10-29T14:26:49.301Z] <<< [apiv2][status] POST https://upload-firebasehosting.googleapis.com/upload/sites/tourism-ass-11/versions/04f51272e3392b35/files/68cd6ee612cf72c55558f21281497eb2763d455010f18821072913f74ce25725 200
[debug] [2021-10-29T14:26:49.301Z] <<< [apiv2][body] POST https://upload-firebasehosting.googleapis.com/upload/sites/tourism-ass-11/versions/04f51272e3392b35/files/68cd6ee612cf72c55558f21281497eb2763d455010f18821072913f74ce25725 [stream]
[debug] [2021-10-29T14:26:49.362Z] <<< [apiv2][status] POST https://upload-firebasehosting.googleapis.com/upload/sites/tourism-ass-11/versions/04f51272e3392b35/files/ad9570b21b26001e5954948ea7672fb32b990504c96c3dd8bcf82c48832b1927 200
[debug] [2021-10-29T14:26:49.362Z] <<< [apiv2][body] POST https://upload-firebasehosting.googleapis.com/upload/sites/tourism-ass-11/versions/04f51272e3392b35/files/ad9570b21b26001e5954948ea7672fb32b990504c96c3dd8bcf82c48832b1927 [stream]
[debug] [2021-10-29T14:26:49.363Z] <<< [apiv2][status] POST https://upload-firebasehosting.googleapis.com/upload/sites/tourism-ass-11/versions/04f51272e3392b35/files/68b16697969801057d3e0deb105ae8509867a6ae2629d732d8100d885b17e4c5 200
[debug] [2021-10-29T14:26:49.363Z] <<< [apiv2][body] POST https://upload-firebasehosting.googleapis.com/upload/sites/tourism-ass-11/versions/04f51272e3392b35/files/68b16697969801057d3e0deb105ae8509867a6ae2629d732d8100d885b17e4c5 [stream]
[debug] [2021-10-29T14:26:49.399Z] <<< [apiv2][status] POST https://upload-firebasehosting.googleapis.com/upload/sites/tourism-ass-11/versions/04f51272e3392b35/files/3d1e9024bdae5037281f1b792e984db1f9859c054b9c8fbc4eb8cca125c0d44d 200
[debug] [2021-10-29T14:26:49.399Z] <<< [apiv2][body] POST https://upload-firebasehosting.googleapis.com/upload/sites/tourism-ass-11/versions/04f51272e3392b35/files/3d1e9024bdae5037281f1b792e984db1f9859c054b9c8fbc4eb8cca125c0d44d [stream]
[debug] [2021-10-29T14:26:49.405Z] <<< [apiv2][status] POST https://upload-firebasehosting.googleapis.com/upload/sites/tourism-ass-11/versions/04f51272e3392b35/files/eae62e993eb980ec8a25058c39d5a51feab118bd2100c4deebb2a9c158ec11f9 200
[debug] [2021-10-29T14:26:49.405Z] <<< [apiv2][body] POST https://upload-firebasehosting.googleapis.com/upload/sites/tourism-ass-11/versions/04f51272e3392b35/files/eae62e993eb980ec8a25058c39d5a51feab118bd2100c4deebb2a9c158ec11f9 [stream]
[debug] [2021-10-29T14:26:49.431Z] <<< [apiv2][status] POST https://upload-firebasehosting.googleapis.com/upload/sites/tourism-ass-11/versions/04f51272e3392b35/files/16719bf46588a7859c2aff447f5b9a51a7f69b26d35cf4967c3098db5526b84c 200
[debug] [2021-10-29T14:26:49.431Z] <<< [apiv2][body] POST https://upload-firebasehosting.googleapis.com/upload/sites/tourism-ass-11/versions/04f51272e3392b35/files/16719bf46588a7859c2aff447f5b9a51a7f69b26d35cf4967c3098db5526b84c [stream]
[debug] [2021-10-29T14:26:50.071Z] <<< [apiv2][status] POST https://upload-firebasehosting.googleapis.com/upload/sites/tourism-ass-11/versions/04f51272e3392b35/files/7626aa2fe0e00e831532c7c1ede0394bba77a6e850eada3eb01df70ab7517b94 200
[debug] [2021-10-29T14:26:50.071Z] <<< [apiv2][body] POST https://upload-firebasehosting.googleapis.com/upload/sites/tourism-ass-11/versions/04f51272e3392b35/files/7626aa2fe0e00e831532c7c1ede0394bba77a6e850eada3eb01df70ab7517b94 [stream]
[debug] [2021-10-29T14:26:50.110Z] <<< [apiv2][status] POST https://upload-firebasehosting.googleapis.com/upload/sites/tourism-ass-11/versions/04f51272e3392b35/files/e00cd4cd68f8f88e9a664ea068d294785d52d226ae90c6cfe2476e109af734b2 200
[debug] [2021-10-29T14:26:50.110Z] <<< [apiv2][body] POST https://upload-firebasehosting.googleapis.com/upload/sites/tourism-ass-11/versions/04f51272e3392b35/files/e00cd4cd68f8f88e9a664ea068d294785d52d226ae90c6cfe2476e109af734b2 [stream]
[debug] [2021-10-29T14:26:50.294Z] <<< [apiv2][status] POST https://upload-firebasehosting.googleapis.com/upload/sites/tourism-ass-11/versions/04f51272e3392b35/files/6e3cdf3362e6e01e050aa97c696f365c227135a678ac1bbc7eae52585353ec10 200
[debug] [2021-10-29T14:26:50.294Z] <<< [apiv2][body] POST https://upload-firebasehosting.googleapis.com/upload/sites/tourism-ass-11/versions/04f51272e3392b35/files/6e3cdf3362e6e01e050aa97c696f365c227135a678ac1bbc7eae52585353ec10 [stream]
[debug] [2021-10-29T14:26:50.348Z] <<< [apiv2][status] POST https://upload-firebasehosting.googleapis.com/upload/sites/tourism-ass-11/versions/04f51272e3392b35/files/6001128bd947c75d76ff36c13734d6c7f703fa1ef38912eae68deba43a94363b 200
[debug] [2021-10-29T14:26:50.349Z] <<< [apiv2][body] POST https://upload-firebasehosting.googleapis.com/upload/sites/tourism-ass-11/versions/04f51272e3392b35/files/6001128bd947c75d76ff36c13734d6c7f703fa1ef38912eae68deba43a94363b [stream]
[debug] [2021-10-29T14:26:50.349Z] [hosting][upload queue][FINAL] {"max":3080,"min":1703,"avg":2108.181818181818,"active":0,"complete":22,"success":22,"errored":0,"retried":0,"total":22,"elapsed":3082}
[info] +  hosting[tourism-ass-11]: file upload complete 
[debug] [2021-10-29T14:26:50.350Z] [hosting] deploy completed after 5925ms
[debug] [2021-10-29T14:26:50.352Z] [
  {
    "config": {
      "public": "build",
      "ignore": [
        "firebase.json",
        "**/.*",
        "**/node_modules/**"
      ],
      "site": "tourism-ass-11"
    },
    "site": "tourism-ass-11",
    "version": "sites/tourism-ass-11/versions/04f51272e3392b35"
  }
]
[info] i  hosting[tourism-ass-11]: finalizing version... 
[debug] [2021-10-29T14:26:50.353Z] > refreshing access token with scopes: ["email","https://www.googleapis.com/auth/cloud-platform","https://www.googleapis.com/auth/cloudplatformprojects.readonly","https://www.googleapis.com/auth/firebase","openid"]
[debug] [2021-10-29T14:26:50.353Z] >>> HTTP REQUEST POST https://www.googleapis.com/oauth2/v3/token  
 <request body omitted>
[debug] [2021-10-29T14:26:50.631Z] <<< HTTP RESPONSE 200 {"cache-control":"no-cache, no-store, max-age=0, must-revalidate","pragma":"no-cache","expires":"Mon, 01 Jan 1990 00:00:00 GMT","date":"Fri, 29 Oct 2021 14:26:51 GMT","content-type":"application/json; charset=utf-8","vary":"X-Origin, Referer, Origin,Accept-Encoding","server":"scaffolding on HTTPServer2","x-xss-protection":"0","x-frame-options":"SAMEORIGIN","x-content-type-options":"nosniff","alt-svc":"h3=\":443\"; ma=2592000,h3-29=\":443\"; ma=2592000,h3-Q050=\":443\"; ma=2592000,h3-Q046=\":443\"; ma=2592000,h3-Q043=\":443\"; ma=2592000","accept-ranges":"none","transfer-encoding":"chunked"}
[debug] [2021-10-29T14:26:50.681Z] >>> HTTP REQUEST PATCH https://firebasehosting.googleapis.com/v1beta1/sites/tourism-ass-11/versions/04f51272e3392b35?updateMask=status  
 {"status":"FINALIZED"}
[debug] [2021-10-29T14:26:52.313Z] <<< HTTP RESPONSE 200 {"content-type":"application/json; charset=UTF-8","vary":"X-Origin, Referer, Origin,Accept-Encoding","date":"Fri, 29 Oct 2021 14:26:52 GMT","server":"ESF","cache-control":"private","x-xss-protection":"0","x-frame-options":"SAMEORIGIN","x-content-type-options":"nosniff","alt-svc":"h3=\":443\"; ma=2592000,h3-29=\":443\"; ma=2592000,h3-Q050=\":443\"; ma=2592000,h3-Q046=\":443\"; ma=2592000,h3-Q043=\":443\"; ma=2592000,quic=\":443\"; ma=2592000; v=\"46,43\"","accept-ranges":"none","transfer-encoding":"chunked"}
[debug] [2021-10-29T14:26:52.313Z] [hosting] finalized version for tourism-ass-11: {"name":"sites/tourism-ass-11/versions/04f51272e3392b35","status":"FINALIZED","config":{},"labels":{"deployment-tool":"cli-firebase"},"createTime":"2021-10-29T14:26:44.445634Z","createUser":{"email":"foysalnk9095@gmail.com"},"finalizeTime":"2021-10-29T14:26:52.750213Z","finalizeUser":{"email":"foysalnk9095@gmail.com"}}
[info] +  hosting[tourism-ass-11]: version finalized 
[info] i  hosting[tourism-ass-11]: releasing new version... 
[debug] [2021-10-29T14:26:52.314Z] >>> HTTP REQUEST POST https://firebasehosting.googleapis.com/v1beta1/sites/tourism-ass-11/releases?version_name=sites/tourism-ass-11/versions/04f51272e3392b35  
 {"message":null}
[debug] [2021-10-29T14:26:54.290Z] <<< HTTP RESPONSE 200 {"content-type":"application/json; charset=UTF-8","vary":"X-Origin, Referer, Origin,Accept-Encoding","date":"Fri, 29 Oct 2021 14:26:54 GMT","server":"ESF","cache-control":"private","x-xss-protection":"0","x-frame-options":"SAMEORIGIN","x-content-type-options":"nosniff","alt-svc":"h3=\":443\"; ma=2592000,h3-29=\":443\"; ma=2592000,h3-Q050=\":443\"; ma=2592000,h3-Q046=\":443\"; ma=2592000,h3-Q043=\":443\"; ma=2592000,quic=\":443\"; ma=2592000; v=\"46,43\"","accept-ranges":"none","transfer-encoding":"chunked"}
[debug] [2021-10-29T14:26:54.290Z] [hosting] release: {"name":"sites/tourism-ass-11/releases/1635517613794486","version":{"name":"sites/tourism-ass-11/versions/04f51272e3392b35","status":"FINALIZED","config":{},"labels":{"deployment-tool":"cli-firebase"},"createTime":"2021-10-29T14:26:44.445634Z","createUser":{"email":"foysalnk9095@gmail.com"},"finalizeTime":"2021-10-29T14:26:52.750213Z","finalizeUser":{"email":"foysalnk9095@gmail.com"}},"type":"DEPLOY","releaseTime":"2021-10-29T14:26:53.794486378Z","releaseUser":{"email":"foysalnk9095@gmail.com"}}
[info] +  hosting[tourism-ass-11]: release complete 
[info] 
[info] +  Deploy complete! 
[info] 
[info] Project Console: https://console.firebase.google.com/project/tourism-ass-11/overview
[info] Hosting URL: https://tourism-ass-11.web.app
